#
# There is insufficient memory for the Java Runtime Environment to continue.
# Native memory allocation (malloc) failed to allocate 817536 bytes for Chunk::new
# Possible reasons:
#   The system is out of physical RAM or swap space
#   In 32 bit mode, the process size limit was hit
# Possible solutions:
#   Reduce memory load on the system
#   Increase physical memory or swap space
#   Check if swap backing store is full
#   Use 64 bit Java on a 64 bit OS
#   Decrease Java heap size (-Xmx/-Xms)
#   Decrease number of Java threads
#   Decrease Java thread stack sizes (-Xss)
#   Set larger code cache with -XX:ReservedCodeCacheSize=
# This output file may be truncated or incomplete.
#
#  Out of Memory Error (allocation.cpp:390), pid=26984, tid=24120
#
# JRE version: Java(TM) SE Runtime Environment (8.0_31-b13) (build 1.8.0_31-b13)
# Java VM: Java HotSpot(TM) 64-Bit Server VM (25.31-b07 mixed mode windows-amd64 compressed oops)
# Failed to write core dump. Minidumps are not enabled by default on client versions of Windows
#

---------------  T H R E A D  ---------------

Current thread (0x000000001479b800):  JavaThread "C2 CompilerThread0" daemon [_thread_in_native, id=24120, stack(0x0000000015cf0000,0x0000000015df0000)]

Stack: [0x0000000015cf0000,0x0000000015df0000]
Native frames: (J=compiled Java code, j=interpreted, Vv=VM code, C=native code)
V  [jvm.dll+0x3169ba]


Current CompileTask:
C2:   3701 1432       4       com.android.dx.ssa.SsaMethod::forEachBlockDepthFirst (194 bytes)


---------------  P R O C E S S  ---------------

Java Threads: ( => current thread )
  0x0000000015ff8800 JavaThread "Service Thread" daemon [_thread_blocked, id=27376, stack(0x00000000163f0000,0x00000000164f0000)]
  0x00000000147de800 JavaThread "C1 CompilerThread2" daemon [_thread_blocked, id=7672, stack(0x0000000015ef0000,0x0000000015ff0000)]
  0x00000000147d0800 JavaThread "C2 CompilerThread1" daemon [_thread_in_native, id=7084, stack(0x0000000015df0000,0x0000000015ef0000)]
=>0x000000001479b800 JavaThread "C2 CompilerThread0" daemon [_thread_in_native, id=24120, stack(0x0000000015cf0000,0x0000000015df0000)]
  0x0000000014799800 JavaThread "Attach Listener" daemon [_thread_blocked, id=15960, stack(0x0000000015bf0000,0x0000000015cf0000)]
  0x0000000014798800 JavaThread "Signal Dispatcher" daemon [_thread_blocked, id=11660, stack(0x0000000015af0000,0x0000000015bf0000)]
  0x00000000020b6000 JavaThread "Finalizer" daemon [_thread_blocked, id=26008, stack(0x00000000159f0000,0x0000000015af0000)]
  0x00000000020ad000 JavaThread "Reference Handler" daemon [_thread_blocked, id=26056, stack(0x00000000158f0000,0x00000000159f0000)]
  0x0000000001fbe000 JavaThread "main" [_thread_in_Java, id=27020, stack(0x0000000001e40000,0x0000000001f40000)]

Other Threads:
  0x0000000014756000 VMThread [stack: 0x00000000157f0000,0x00000000158f0000] [id=25616]
  0x00000000147ed800 WatcherThread [stack: 0x00000000164f0000,0x00000000165f0000] [id=25056]

VM state:not at safepoint (normal execution)

VM Mutex/Monitor currently owned by a thread: None

Heap:
 PSYoungGen      total 38400K, used 17312K [0x00000000eab00000, 0x00000000ed580000, 0x0000000100000000)
  eden space 33280K, 36% used [0x00000000eab00000,0x00000000eb6e8388,0x00000000ecb80000)
  from space 5120K, 99% used [0x00000000ecb80000,0x00000000ed07ff20,0x00000000ed080000)
  to   space 5120K, 0% used [0x00000000ed080000,0x00000000ed080000,0x00000000ed580000)
 ParOldGen       total 87552K, used 1296K [0x00000000c0000000, 0x00000000c5580000, 0x00000000eab00000)
  object space 87552K, 1% used [0x00000000c0000000,0x00000000c0144008,0x00000000c5580000)
 Metaspace       used 5657K, capacity 7024K, committed 7296K, reserved 1056768K
  class space    used 539K, capacity 616K, committed 640K, reserved 1048576K

Card table byte_map: [0x0000000011480000,0x0000000011690000] byte_map_base: 0x0000000010e80000

Marking Bits: (ParMarkBitMap*) 0x0000000075a9d4f0
 Begin Bits: [0x0000000011bf0000, 0x0000000012bf0000)
 End Bits:   [0x0000000012bf0000, 0x0000000013bf0000)

Polling page: 0x0000000000580000

CodeCache: size=245760Kb used=6297Kb max_used=6297Kb free=239462Kb
 bounds [0x00000000020c0000, 0x00000000026f0000, 0x00000000110c0000]
 total_blobs=1705 nmethods=1445 adapters=174
 compilation: enabled

Compilation events (10 events):
Event: 3.607 Thread 0x00000000147de800 1448       3       com.android.dx.dex.code.RopTranslator::calculateParamsAreInOrder (37 bytes)
Event: 3.608 Thread 0x00000000147de800 nmethod 1448 0x00000000026e88d0 code [0x00000000026e8a80, 0x00000000026e9318]
Event: 3.608 Thread 0x00000000147de800 1449       3       com.android.dx.dex.code.OutputFinisher::<init> (48 bytes)
Event: 3.609 Thread 0x00000000147de800 nmethod 1449 0x00000000026e9690 code [0x00000000026e9800, 0x00000000026e9aa8]
Event: 3.609 Thread 0x00000000147de800 1450       3       com.android.dx.dex.code.StdCatchBuilder::<init> (62 bytes)
Event: 3.609 Thread 0x00000000147de800 nmethod 1450 0x00000000026e9bd0 code [0x00000000026e9d80, 0x00000000026ea208]
Event: 3.609 Thread 0x00000000147de800 1451       3       com.android.dx.dex.code.OutputCollector::appendSuffixToOutput (45 bytes)
Event: 3.610 Thread 0x00000000147de800 nmethod 1451 0x00000000026ea390 code [0x00000000026ea5a0, 0x00000000026eb058]
Event: 3.610 Thread 0x00000000147de800 1452       3       com.android.dx.dex.code.DalvCode::<init> (68 bytes)
Event: 3.611 Thread 0x00000000147de800 nmethod 1452 0x00000000026eb790 code [0x00000000026eb920, 0x00000000026ebcf8]

GC Heap History (2 events):
Event: 2.812 GC heap before
{Heap before GC invocations=1 (full 0):
 PSYoungGen      total 38400K, used 33280K [0x00000000eab00000, 0x00000000ed580000, 0x0000000100000000)
  eden space 33280K, 100% used [0x00000000eab00000,0x00000000ecb80000,0x00000000ecb80000)
  from space 5120K, 0% used [0x00000000ed080000,0x00000000ed080000,0x00000000ed580000)
  to   space 5120K, 0% used [0x00000000ecb80000,0x00000000ecb80000,0x00000000ed080000)
 ParOldGen       total 87552K, used 0K [0x00000000c0000000, 0x00000000c5580000, 0x00000000eab00000)
  object space 87552K, 0% used [0x00000000c0000000,0x00000000c0000000,0x00000000c5580000)
 Metaspace       used 5608K, capacity 7024K, committed 7296K, reserved 1056768K
  class space    used 538K, capacity 616K, committed 640K, reserved 1048576K
Event: 2.911 GC heap after
Heap after GC invocations=1 (full 0):
 PSYoungGen      total 38400K, used 5119K [0x00000000eab00000, 0x00000000ed580000, 0x0000000100000000)
  eden space 33280K, 0% used [0x00000000eab00000,0x00000000eab00000,0x00000000ecb80000)
  from space 5120K, 99% used [0x00000000ecb80000,0x00000000ed07ff20,0x00000000ed080000)
  to   space 5120K, 0% used [0x00000000ed080000,0x00000000ed080000,0x00000000ed580000)
 ParOldGen       total 87552K, used 1296K [0x00000000c0000000, 0x00000000c5580000, 0x00000000eab00000)
  object space 87552K, 1% used [0x00000000c0000000,0x00000000c0144008,0x00000000c5580000)
 Metaspace       used 5608K, capacity 7024K, committed 7296K, reserved 1056768K
  class space    used 538K, capacity 616K, committed 640K, reserved 1048576K
}

Deoptimization events (10 events):
Event: 2.630 Thread 0x0000000001fbe000 Uncommon trap: reason=class_check action=maybe_recompile pc=0x000000000241938c method=com.android.dx.ssa.NormalSsaInsn.accept(Lcom/android/dx/ssa/SsaInsn$Visitor;)V @ 9
Event: 2.632 Thread 0x0000000001fbe000 Uncommon trap: reason=class_check action=maybe_recompile pc=0x0000000002457718 method=com.android.dx.ssa.NormalSsaInsn.accept(Lcom/android/dx/ssa/SsaInsn$Visitor;)V @ 9
Event: 2.782 Thread 0x0000000001fbe000 Uncommon trap: reason=unloaded action=reinterpret pc=0x000000000265c184 method=com.android.dx.cf.cst.ConstantPoolParser.parse0(ILjava/util/BitSet;)Lcom/android/dx/rop/cst/Constant; @ 475
Event: 2.948 Thread 0x0000000001fbe000 Uncommon trap: reason=unreached action=reinterpret pc=0x0000000002656174 method=com.android.dx.util.LabeledList.set(ILcom/android/dx/util/LabeledItem;)V @ 16
Event: 3.146 Thread 0x0000000001fbe000 Uncommon trap: reason=class_check action=maybe_recompile pc=0x000000000264c384 method=com.android.dx.ssa.SCCP.setLatticeValueTo(IILcom/android/dx/rop/cst/Constant;)Z @ 43
Event: 3.146 Thread 0x0000000001fbe000 Uncommon trap: reason=class_check action=maybe_recompile pc=0x000000000264c384 method=com.android.dx.ssa.SCCP.setLatticeValueTo(IILcom/android/dx/rop/cst/Constant;)Z @ 43
Event: 3.572 Thread 0x0000000001fbe000 Uncommon trap: reason=null_check action=make_not_entrant pc=0x00000000024cd520 method=com.android.dx.rop.type.Type.equals(Ljava/lang/Object;)Z @ 8
Event: 3.574 Thread 0x0000000001fbe000 Uncommon trap: reason=bimorphic action=maybe_recompile pc=0x00000000026a22c8 method=com.android.dx.ssa.LiteralOpUpgrader.tryReplacingWithConstant(Lcom/android/dx/ssa/NormalSsaInsn;)Z @ 52
Event: 3.579 Thread 0x0000000001fbe000 Uncommon trap: reason=bimorphic action=maybe_recompile pc=0x00000000026a22c8 method=com.android.dx.ssa.LiteralOpUpgrader.tryReplacingWithConstant(Lcom/android/dx/ssa/NormalSsaInsn;)Z @ 52
Event: 3.605 Thread 0x0000000001fbe000 Uncommon trap: reason=bimorphic action=maybe_recompile pc=0x00000000026a22c8 method=com.android.dx.ssa.LiteralOpUpgrader.tryReplacingWithConstant(Lcom/android/dx/ssa/NormalSsaInsn;)Z @ 52

Internal exceptions (3 events):
Event: 0.042 Thread 0x0000000001fbe000 Exception <a 'java/lang/NoSuchMethodError': Method sun.misc.Unsafe.defineClass(Ljava/lang/String;[BII)Ljava/lang/Class; name or signature does not match> (0x00000000eab0cf10) thrown at [C:\workspace\8-2-build-windows-amd64-cygwin\jdk8u31\2394\hotspot\src\s(>‡sœj¥?
Event: 0.042 Thread 0x0000000001fbe000 Exception <a 'java/lang/NoSuchMethodError': Method sun.misc.Unsafe.prefetchRead(Ljava/lang/Object;J)V name or signature does not match> (0x00000000eab0d1a0) thrown at [C:\workspace\8-2-build-windows-amd64-cygwin\jdk8u31\2394\hotspot\src\share\vm\prims\jni.ìT$+‹“@
Event: 3.572 Thread 0x0000000001fbe000 Implicit null exception at 0x00000000024cd422 to 0x00000000024cd512

Events (10 events):
Event: 3.572 Thread 0x0000000001fbe000 DEOPT UNPACKING pc=0x000000000210556a sp=0x0000000001f3e218 mode 2
Event: 3.574 Thread 0x0000000001fbe000 Uncommon trap: trap_request=0xffffffc6 fr.pc=0x00000000026a22c8
Event: 3.574 Thread 0x0000000001fbe000 DEOPT PACKING pc=0x00000000026a22c8 sp=0x0000000001f3e700
Event: 3.574 Thread 0x0000000001fbe000 DEOPT UNPACKING pc=0x000000000210556a sp=0x0000000001f3e6a0 mode 2
Event: 3.579 Thread 0x0000000001fbe000 Uncommon trap: trap_request=0xffffffc6 fr.pc=0x00000000026a22c8
Event: 3.579 Thread 0x0000000001fbe000 DEOPT PACKING pc=0x00000000026a22c8 sp=0x0000000001f3e700
Event: 3.579 Thread 0x0000000001fbe000 DEOPT UNPACKING pc=0x000000000210556a sp=0x0000000001f3e6a0 mode 2
Event: 3.605 Thread 0x0000000001fbe000 Uncommon trap: trap_request=0xffffffc6 fr.pc=0x00000000026a22c8
Event: 3.605 Thread 0x0000000001fbe000 DEOPT PACKING pc=0x00000000026a22c8 sp=0x0000000001f3e6b0
Event: 3.605 Thread 0x0000000001fbe000 DEOPT UNPACKING pc=0x000000000210556a sp=0x0000000001f3e650 mode 2


Dynamic libraries:
0x00007ff704780000 - 0x00007ff7047b4000 	C:\PROGRA~1\Java\JDK18~1.0_3\bin\java.exe
0x00007ffb5e5c0000 - 0x00007ffb5e76c000 	C:\WINDOWS\SYSTEM32\ntdll.dll
0x00007ffb5d670000 - 0x00007ffb5d7ae000 	C:\WINDOWS\system32\KERNEL32.DLL
0x00007ffb5ba70000 - 0x00007ffb5bb85000 	C:\WINDOWS\system32\KERNELBASE.dll
0x00007ffb5a1b0000 - 0x00007ffb5a23e000 	C:\WINDOWS\system32\apphelp.dll
0x00007ffb4a8c0000 - 0x00007ffb4a913000 	C:\WINDOWS\AppPatch\AppPatch64\AcGenral.DLL
0x00007ffb5d930000 - 0x00007ffb5d9da000 	C:\WINDOWS\system32\msvcrt.dll
0x00007ffb5b540000 - 0x00007ffb5b56e000 	C:\WINDOWS\SYSTEM32\SspiCli.dll
0x00007ffb5e070000 - 0x00007ffb5e0c4000 	C:\WINDOWS\system32\SHLWAPI.dll
0x00007ffb5d7b0000 - 0x00007ffb5d927000 	C:\WINDOWS\system32\USER32.dll
0x00007ffb5e420000 - 0x00007ffb5e5b4000 	C:\WINDOWS\system32\ole32.dll
0x00007ffb5bc40000 - 0x00007ffb5d158000 	C:\WINDOWS\system32\SHELL32.dll
0x00007ffb5ad10000 - 0x00007ffb5ad31000 	C:\WINDOWS\SYSTEM32\USERENV.dll
0x00007ffb5dfb0000 - 0x00007ffb5e05a000 	C:\WINDOWS\system32\ADVAPI32.dll
0x00007ffb46950000 - 0x00007ffb4696e000 	C:\WINDOWS\SYSTEM32\MPR.dll
0x00007ffb5d380000 - 0x00007ffb5d4c1000 	C:\WINDOWS\system32\RPCRT4.dll
0x00007ffb5dc90000 - 0x00007ffb5dce9000 	C:\WINDOWS\SYSTEM32\sechost.dll
0x00007ffb5da70000 - 0x00007ffb5dc81000 	C:\WINDOWS\SYSTEM32\combase.dll
0x00007ffb5d160000 - 0x00007ffb5d2b1000 	C:\WINDOWS\system32\GDI32.dll
0x00007ffb5b710000 - 0x00007ffb5b725000 	C:\WINDOWS\SYSTEM32\profapi.dll
0x00007ffb59b60000 - 0x00007ffb59c12000 	C:\WINDOWS\SYSTEM32\SHCORE.dll
0x00007ffb5dcf0000 - 0x00007ffb5dd26000 	C:\WINDOWS\system32\IMM32.DLL
0x00007ffb5e0d0000 - 0x00007ffb5e222000 	C:\WINDOWS\system32\MSCTF.dll
0x00007ffb58f00000 - 0x00007ffb5917b000 	C:\WINDOWS\WinSxS\amd64_microsoft.windows.common-controls_6595b64144ccf1df_6.0.9600.17415_none_6240486fecbd8abb\COMCTL32.dll
0x0000000075040000 - 0x0000000075112000 	C:\PROGRA~1\Java\JDK18~1.0_3\jre\bin\msvcr100.dll
0x00000000752c0000 - 0x0000000075b1a000 	C:\PROGRA~1\Java\JDK18~1.0_3\jre\bin\server\jvm.dll
0x00007ffb525a0000 - 0x00007ffb525a9000 	C:\WINDOWS\SYSTEM32\WSOCK32.dll
0x00007ffb57160000 - 0x00007ffb57182000 	C:\WINDOWS\SYSTEM32\WINMM.dll
0x00007ffb5e060000 - 0x00007ffb5e067000 	C:\WINDOWS\system32\PSAPI.DLL
0x00007ffb5dd30000 - 0x00007ffb5dd8a000 	C:\WINDOWS\system32\WS2_32.dll
0x00007ffb57040000 - 0x00007ffb5706a000 	C:\WINDOWS\SYSTEM32\WINMMBASE.dll
0x00007ffb5ddf0000 - 0x00007ffb5ddf9000 	C:\WINDOWS\system32\NSI.dll
0x00007ffb5bbf0000 - 0x00007ffb5bc3f000 	C:\WINDOWS\SYSTEM32\cfgmgr32.dll
0x00007ffb5a420000 - 0x00007ffb5a448000 	C:\WINDOWS\SYSTEM32\DEVOBJ.dll
0x00000000763b0000 - 0x00000000763bf000 	C:\PROGRA~1\Java\JDK18~1.0_3\jre\bin\verify.dll
0x0000000076380000 - 0x00000000763a8000 	C:\PROGRA~1\Java\JDK18~1.0_3\jre\bin\java.dll
0x0000000076360000 - 0x0000000076376000 	C:\PROGRA~1\Java\JDK18~1.0_3\jre\bin\zip.dll

VM Arguments:
jvm_args: -Xmx1024M -Xss1m -Djava.ext.dirs=C:\Users\Lucas\AppData\Local\Android\sdk\build-tools\21.1.2\lib 
java_command: C:\Users\Lucas\AppData\Local\Android\sdk\build-tools\21.1.2\lib\dx.jar --dex --output C:\NMCT\Semester 4\MobileAppDevelopment\Labo\MapsGoogleAPI\app\build\intermediates\pre-dexed\debug\classes-87ac7e465d1e55718cb8a4ac9dd9fd4ca683d067.jar C:\NMCT\Semester 4\MobileAppDevelopment\Labo\MapsGoogleAPI\app\build\intermediates\exploded-aar\com.google.android.gms\play-services-wallet\7.0.0\classes.jar
java_class_path (initial): C:\Users\Lucas\AppData\Local\Android\sdk\build-tools\21.1.2\lib\dx.jar
Launcher Type: SUN_STANDARD

Environment Variables:
JAVA_HOME=C:\Program Files\Java\jdk1.8.0_31
PATH=C:\ProgramData\Oracle\Java\javapath;c:\Program Files (x86)\Intel\iCLS Client\;c:\Program Files\Intel\iCLS Client\;C:\WINDOWS\system32;C:\WINDOWS;C:\WINDOWS\System32\Wbem;C:\WINDOWS\System32\WindowsPowerShell\v1.0\;c:\Program Files (x86)\Hewlett-Packard\HP ProtectTools Security Manager\Bin\;C:\Program Files (x86)\Intel\OpenCL SDK\3.0\bin\x86;C:\Program Files (x86)\Intel\OpenCL SDK\3.0\bin\x64;C:\Program Files\Intel\WiFi\bin\;C:\Program Files\Common Files\Intel\WirelessCommon\;C:\Program Files\Intel\Intel(R) Management Engine Components\DAL;C:\Program Files\Intel\Intel(R) Management Engine Components\IPT;C:\Program Files (x86)\Intel\Intel(R) Management Engine Components\DAL;C:\Program Files (x86)\Intel\Intel(R) Management Engine Components\IPT;C:\Program Files (x86)\Microsoft ASP.NET\ASP.NET Web Pages\v1.0\;C:\Program Files\Microsoft SQL Server\110\Tools\Binn\;C:\Program Files (x86)\ATI Technologies\ATI.ACE\Core-Static;C:\Program Files (x86)\Microsoft SQL Server\110\Tools\Binn\;C:\Program Files\Microsoft SQL Server\110\DTS\Binn\;C:\Program Files (x86)\Microsoft SQL Server\110\Tools\Binn\ManagementStudio\;C:\Program Files (x86)\Microsoft SQL Server\110\DTS\Binn\;C:\Program Files (x86)\QuickTime\QTSystem\;C:\Program Files (x86)\Windows Kits\8.1\Windows Performance Toolkit\;C:\Program Files (x86)\Microsoft SDKs\TypeScript\1.0\;C:\Program Files\Microsoft SQL Server\120\Tools\Binn\;C:\Program Files\OpenVPN\bin;C:\Program Files (x86)\processing-2.2.1;C:\Program Files\Microsoft\Web Platform Installer\
USERNAME=Lucas
OS=Windows_NT
PROCESSOR_IDENTIFIER=Intel64 Family 6 Model 58 Stepping 9, GenuineIntel



---------------  S Y S T E M  ---------------

OS: Windows 8.1 , 64 bit Build 9600 

CPU:total 4 (2 cores per cpu, 2 threads per core) family 6 model 58 stepping 9, cmov, cx8, fxsr, mmx, sse, sse2, sse3, ssse3, sse4.1, sse4.2, popcnt, avx, aes, clmul, erms, ht, tsc, tscinvbit, tscinv

Memory: 4k page, physical 8318456k(1009732k free), swap 11464184k(5092k free)

vm_info: Java HotSpot(TM) 64-Bit Server VM (25.31-b07) for windows-amd64 JRE (1.8.0_31-b13), built on Dec 17 2014 21:00:28 by "java_re" with MS VC++ 10.0 (VS2010)

time: Sat May 02 16:16:46 2015
elapsed time: 3 seconds (0d 0h 0m 3s)

