#
# There is insufficient memory for the Java Runtime Environment to continue.
# Native memory allocation (malloc) failed to allocate 177312 bytes for Chunk::new
# Possible reasons:
#   The system is out of physical RAM or swap space
#   In 32 bit mode, the process size limit was hit
# Possible solutions:
#   Reduce memory load on the system
#   Increase physical memory or swap space
#   Check if swap backing store is full
#   Use 64 bit Java on a 64 bit OS
#   Decrease Java heap size (-Xmx/-Xms)
#   Decrease number of Java threads
#   Decrease Java thread stack sizes (-Xss)
#   Set larger code cache with -XX:ReservedCodeCacheSize=
# This output file may be truncated or incomplete.
#
#  Out of Memory Error (allocation.cpp:390), pid=24904, tid=13132
#
# JRE version: Java(TM) SE Runtime Environment (8.0_31-b13) (build 1.8.0_31-b13)
# Java VM: Java HotSpot(TM) 64-Bit Server VM (25.31-b07 mixed mode windows-amd64 compressed oops)
# Failed to write core dump. Minidumps are not enabled by default on client versions of Windows
#

---------------  T H R E A D  ---------------

Current thread (0x0000000014d94000):  JavaThread "C2 CompilerThread1" daemon [_thread_in_native, id=13132, stack(0x00000000163c0000,0x00000000164c0000)]

Stack: [0x00000000163c0000,0x00000000164c0000]
Native frames: (J=compiled Java code, j=interpreted, Vv=VM code, C=native code)
V  [jvm.dll+0x3169ba]


Current CompileTask:
C2:   4733 1174       4       com.android.dx.ssa.SCCP::simulateBranch (666 bytes)


---------------  P R O C E S S  ---------------

Java Threads: ( => current thread )
  0x0000000014da4000 JavaThread "Service Thread" daemon [_thread_blocked, id=26528, stack(0x00000000165c0000,0x00000000166c0000)]
  0x0000000014d9e800 JavaThread "C1 CompilerThread2" daemon [_thread_blocked, id=27596, stack(0x00000000164c0000,0x00000000165c0000)]
=>0x0000000014d94000 JavaThread "C2 CompilerThread1" daemon [_thread_in_native, id=13132, stack(0x00000000163c0000,0x00000000164c0000)]
  0x0000000014d5c000 JavaThread "C2 CompilerThread0" daemon [_thread_blocked, id=2092, stack(0x00000000162c0000,0x00000000163c0000)]
  0x0000000014d5a800 JavaThread "Attach Listener" daemon [_thread_blocked, id=23504, stack(0x00000000161c0000,0x00000000162c0000)]
  0x0000000014d5a000 JavaThread "Signal Dispatcher" daemon [_thread_blocked, id=25236, stack(0x00000000160c0000,0x00000000161c0000)]
  0x0000000002673000 JavaThread "Finalizer" daemon [_thread_blocked, id=26140, stack(0x0000000015fc0000,0x00000000160c0000)]
  0x0000000002670000 JavaThread "Reference Handler" daemon [_thread_blocked, id=17184, stack(0x0000000015ec0000,0x0000000015fc0000)]
  0x000000000247e000 JavaThread "main" [_thread_in_Java, id=27292, stack(0x0000000002480000,0x0000000002580000)]

Other Threads:
  0x0000000014d15800 VMThread [stack: 0x0000000015dc0000,0x0000000015ec0000] [id=26188]
  0x0000000014da6800 WatcherThread [stack: 0x00000000166c0000,0x00000000167c0000] [id=21784]

VM state:not at safepoint (normal execution)

VM Mutex/Monitor currently owned by a thread: None

Heap:
 PSYoungGen      total 38400K, used 26008K [0x00000000eab00000, 0x00000000ed580000, 0x0000000100000000)
  eden space 33280K, 78% used [0x00000000eab00000,0x00000000ec466188,0x00000000ecb80000)
  from space 5120K, 0% used [0x00000000ed080000,0x00000000ed080000,0x00000000ed580000)
  to   space 5120K, 0% used [0x00000000ecb80000,0x00000000ecb80000,0x00000000ed080000)
 ParOldGen       total 87552K, used 0K [0x00000000c0000000, 0x00000000c5580000, 0x00000000eab00000)
  object space 87552K, 0% used [0x00000000c0000000,0x00000000c0000000,0x00000000c5580000)
 Metaspace       used 5488K, capacity 6896K, committed 7040K, reserved 1056768K
  class space    used 540K, capacity 616K, committed 640K, reserved 1048576K

Card table byte_map: [0x0000000011a40000,0x0000000011c50000] byte_map_base: 0x0000000011440000

Marking Bits: (ParMarkBitMap*) 0x0000000075a9d4f0
 Begin Bits: [0x00000000121b0000, 0x00000000131b0000)
 End Bits:   [0x00000000131b0000, 0x00000000141b0000)

Polling page: 0x0000000000ce0000

CodeCache: size=245760Kb used=4945Kb max_used=4946Kb free=240814Kb
 bounds [0x0000000002680000, 0x0000000002b60000, 0x0000000011680000]
 total_blobs=1470 nmethods=1210 adapters=174
 compilation: enabled

Compilation events (10 events):
Event: 4.710 Thread 0x0000000014d9e800 1207       3       java.util.HashMap::<init> (8 bytes)
Event: 4.710 Thread 0x0000000014d9e800 nmethod 1207 0x0000000002b567d0 code [0x0000000002b56960, 0x0000000002b56ae8]
Event: 4.710 Thread 0x0000000014d9e800 1208       3       java.util.HashMap::<init> (98 bytes)
Event: 4.711 Thread 0x0000000014d9e800 nmethod 1208 0x0000000002b54c10 code [0x0000000002b54ea0, 0x0000000002b56028]
Event: 4.711 Thread 0x0000000014d9e800 1209       3       java.util.TreeMap::<init> (20 bytes)
Event: 4.711 Thread 0x0000000014d9e800 nmethod 1209 0x0000000002b54790 code [0x0000000002b54900, 0x0000000002b54b30]
Event: 4.711 Thread 0x0000000014d9e800 1210       1       com.android.dx.dex.file.DexFile::getTypeIds (5 bytes)
Event: 4.711 Thread 0x0000000014d9e800 nmethod 1210 0x0000000002b0ba90 code [0x0000000002b0bbe0, 0x0000000002b0bcf0]
Event: 4.711 Thread 0x0000000014d9e800 1211       1       com.android.dx.cf.attrib.AttCode::getMaxStack (5 bytes)
Event: 4.711 Thread 0x0000000014d9e800 nmethod 1211 0x0000000002b10d10 code [0x0000000002b10e60, 0x0000000002b10f70]

GC Heap History (0 events):
No events

Deoptimization events (10 events):
Event: 3.194 Thread 0x000000000247e000 Uncommon trap: reason=bimorphic action=maybe_recompile pc=0x0000000002900ed4 method=java.util.HashMap.getNode(ILjava/lang/Object;)Ljava/util/HashMap$Node; @ 126
Event: 3.194 Thread 0x000000000247e000 Uncommon trap: reason=bimorphic action=maybe_recompile pc=0x0000000002900ed4 method=java.util.HashMap.getNode(ILjava/lang/Object;)Ljava/util/HashMap$Node; @ 126
Event: 3.194 Thread 0x000000000247e000 Uncommon trap: reason=bimorphic action=maybe_recompile pc=0x0000000002900ed4 method=java.util.HashMap.getNode(ILjava/lang/Object;)Ljava/util/HashMap$Node; @ 126
Event: 3.194 Thread 0x000000000247e000 Uncommon trap: reason=bimorphic action=maybe_recompile pc=0x0000000002900ed4 method=java.util.HashMap.getNode(ILjava/lang/Object;)Ljava/util/HashMap$Node; @ 126
Event: 3.194 Thread 0x000000000247e000 Uncommon trap: reason=bimorphic action=maybe_recompile pc=0x0000000002882710 method=java.util.HashMap.getNode(ILjava/lang/Object;)Ljava/util/HashMap$Node; @ 126
Event: 3.881 Thread 0x000000000247e000 Uncommon trap: reason=class_check action=maybe_recompile pc=0x000000000298c8c0 method=com.android.dx.ssa.NormalSsaInsn.accept(Lcom/android/dx/ssa/SsaInsn$Visitor;)V @ 9
Event: 3.881 Thread 0x000000000247e000 Uncommon trap: reason=class_check action=maybe_recompile pc=0x00000000028ec670 method=com.android.dx.ssa.NormalSsaInsn.accept(Lcom/android/dx/ssa/SsaInsn$Visitor;)V @ 9
Event: 3.882 Thread 0x000000000247e000 Uncommon trap: reason=class_check action=maybe_recompile pc=0x00000000028ec670 method=com.android.dx.ssa.NormalSsaInsn.accept(Lcom/android/dx/ssa/SsaInsn$Visitor;)V @ 9
Event: 3.882 Thread 0x000000000247e000 Uncommon trap: reason=class_check action=maybe_recompile pc=0x00000000028ec670 method=com.android.dx.ssa.NormalSsaInsn.accept(Lcom/android/dx/ssa/SsaInsn$Visitor;)V @ 9
Event: 4.053 Thread 0x000000000247e000 Uncommon trap: reason=class_check action=maybe_recompile pc=0x000000000298c8c0 method=com.android.dx.ssa.NormalSsaInsn.accept(Lcom/android/dx/ssa/SsaInsn$Visitor;)V @ 9

Internal exceptions (2 events):
Event: 0.208 Thread 0x000000000247e000 Exception <a 'java/lang/NoSuchMethodError': Method sun.misc.Unsafe.defineClass(Ljava/lang/String;[BII)Ljava/lang/Class; name or signature does not match> (0x00000000eab0cf18) thrown at [C:\workspace\8-2-build-windows-amd64-cygwin\jdk8u31\2394\hotspot\src\s*2≤d»û ?
Event: 0.208 Thread 0x000000000247e000 Exception <a 'java/lang/NoSuchMethodError': Method sun.misc.Unsafe.prefetchRead(Ljava/lang/Object;J)V name or signature does not match> (0x00000000eab0d1a8) thrown at [C:\workspace\8-2-build-windows-amd64-cygwin\jdk8u31\2394\hotspot\src\share\vm\prims\jni.

Events (10 events):
Event: 3.882 Thread 0x000000000247e000 DEOPT UNPACKING pc=0x00000000026c556a sp=0x000000000257e6a0 mode 2
Event: 4.053 Thread 0x000000000247e000 Uncommon trap: trap_request=0xffffffde fr.pc=0x000000000298c8c0
Event: 4.053 Thread 0x000000000247e000 DEOPT PACKING pc=0x000000000298c8c0 sp=0x000000000257e6f0
Event: 4.053 Thread 0x000000000247e000 DEOPT UNPACKING pc=0x00000000026c556a sp=0x000000000257e6b0 mode 2
Event: 4.089 loading class com/android/dx/cf/attrib/AttConstantValue
Event: 4.089 loading class com/android/dx/cf/attrib/AttConstantValue done
Event: 4.401 Thread 0x000000000247e000 DEOPT PACKING pc=0x000000000297ed1d sp=0x000000000257e7a0
Event: 4.401 Thread 0x000000000247e000 DEOPT UNPACKING pc=0x00000000026c75bf sp=0x000000000257e580 mode 0
Event: 4.412 Executing VM operation: EnableBiasedLocking
Event: 4.412 Executing VM operation: EnableBiasedLocking done


Dynamic libraries:
0x00007ff704780000 - 0x00007ff7047b4000 	C:\PROGRA~1\Java\JDK18~1.0_3\bin\java.exe
0x00007ffb5e5c0000 - 0x00007ffb5e76c000 	C:\WINDOWS\SYSTEM32\ntdll.dll
0x00007ffb5d670000 - 0x00007ffb5d7ae000 	C:\WINDOWS\system32\KERNEL32.DLL
0x00007ffb5ba70000 - 0x00007ffb5bb85000 	C:\WINDOWS\system32\KERNELBASE.dll
0x00007ffb5a1b0000 - 0x00007ffb5a23e000 	C:\WINDOWS\system32\apphelp.dll
0x00007ffb4a8c0000 - 0x00007ffb4a913000 	C:\WINDOWS\AppPatch\AppPatch64\AcGenral.DLL
0x00007ffb5d930000 - 0x00007ffb5d9da000 	C:\WINDOWS\system32\msvcrt.dll
0x00007ffb5b540000 - 0x00007ffb5b56e000 	C:\WINDOWS\SYSTEM32\SspiCli.dll
0x00007ffb5e070000 - 0x00007ffb5e0c4000 	C:\WINDOWS\system32\SHLWAPI.dll
0x00007ffb5d7b0000 - 0x00007ffb5d927000 	C:\WINDOWS\system32\USER32.dll
0x00007ffb5e420000 - 0x00007ffb5e5b4000 	C:\WINDOWS\system32\ole32.dll
0x00007ffb5bc40000 - 0x00007ffb5d158000 	C:\WINDOWS\system32\SHELL32.dll
0x00007ffb5ad10000 - 0x00007ffb5ad31000 	C:\WINDOWS\SYSTEM32\USERENV.dll
0x00007ffb5dfb0000 - 0x00007ffb5e05a000 	C:\WINDOWS\system32\ADVAPI32.dll
0x00007ffb46950000 - 0x00007ffb4696e000 	C:\WINDOWS\SYSTEM32\MPR.dll
0x00007ffb5d380000 - 0x00007ffb5d4c1000 	C:\WINDOWS\system32\RPCRT4.dll
0x00007ffb5dc90000 - 0x00007ffb5dce9000 	C:\WINDOWS\SYSTEM32\sechost.dll
0x00007ffb5da70000 - 0x00007ffb5dc81000 	C:\WINDOWS\SYSTEM32\combase.dll
0x00007ffb5d160000 - 0x00007ffb5d2b1000 	C:\WINDOWS\system32\GDI32.dll
0x00007ffb5b710000 - 0x00007ffb5b725000 	C:\WINDOWS\SYSTEM32\profapi.dll
0x00007ffb59b60000 - 0x00007ffb59c12000 	C:\WINDOWS\SYSTEM32\SHCORE.dll
0x00007ffb5dcf0000 - 0x00007ffb5dd26000 	C:\WINDOWS\system32\IMM32.DLL
0x00007ffb5e0d0000 - 0x00007ffb5e222000 	C:\WINDOWS\system32\MSCTF.dll
0x00007ffb58f00000 - 0x00007ffb5917b000 	C:\WINDOWS\WinSxS\amd64_microsoft.windows.common-controls_6595b64144ccf1df_6.0.9600.17415_none_6240486fecbd8abb\COMCTL32.dll
0x0000000075040000 - 0x0000000075112000 	C:\PROGRA~1\Java\JDK18~1.0_3\jre\bin\msvcr100.dll
0x00000000752c0000 - 0x0000000075b1a000 	C:\PROGRA~1\Java\JDK18~1.0_3\jre\bin\server\jvm.dll
0x00007ffb525a0000 - 0x00007ffb525a9000 	C:\WINDOWS\SYSTEM32\WSOCK32.dll
0x00007ffb57160000 - 0x00007ffb57182000 	C:\WINDOWS\SYSTEM32\WINMM.dll
0x00007ffb5e060000 - 0x00007ffb5e067000 	C:\WINDOWS\system32\PSAPI.DLL
0x00007ffb5dd30000 - 0x00007ffb5dd8a000 	C:\WINDOWS\system32\WS2_32.dll
0x00007ffb57040000 - 0x00007ffb5706a000 	C:\WINDOWS\SYSTEM32\WINMMBASE.dll
0x00007ffb5ddf0000 - 0x00007ffb5ddf9000 	C:\WINDOWS\system32\NSI.dll
0x00007ffb5bbf0000 - 0x00007ffb5bc3f000 	C:\WINDOWS\SYSTEM32\cfgmgr32.dll
0x00007ffb5a420000 - 0x00007ffb5a448000 	C:\WINDOWS\SYSTEM32\DEVOBJ.dll
0x00000000763b0000 - 0x00000000763bf000 	C:\PROGRA~1\Java\JDK18~1.0_3\jre\bin\verify.dll
0x0000000076380000 - 0x00000000763a8000 	C:\PROGRA~1\Java\JDK18~1.0_3\jre\bin\java.dll
0x0000000076360000 - 0x0000000076376000 	C:\PROGRA~1\Java\JDK18~1.0_3\jre\bin\zip.dll
0x00007ffb51940000 - 0x00007ffb51aca000 	C:\WINDOWS\SYSTEM32\dbghelp.dll

VM Arguments:
jvm_args: -Xmx1024M -Xss1m -Djava.ext.dirs=C:\Users\Lucas\AppData\Local\Android\sdk\build-tools\21.1.2\lib 
java_command: C:\Users\Lucas\AppData\Local\Android\sdk\build-tools\21.1.2\lib\dx.jar --dex --output C:\NMCT\Semester 4\MobileAppDevelopment\Labo\MapsGoogleAPI\app\build\intermediates\pre-dexed\debug\classes-551d5ecbf2d9027495435cdf3b6d2f39a9576c74.jar C:\NMCT\Semester 4\MobileAppDevelopment\Labo\MapsGoogleAPI\app\build\intermediates\exploded-aar\com.google.android.gms\play-services-wearable\7.0.0\classes.jar
java_class_path (initial): C:\Users\Lucas\AppData\Local\Android\sdk\build-tools\21.1.2\lib\dx.jar
Launcher Type: SUN_STANDARD

Environment Variables:
JAVA_HOME=C:\Program Files\Java\jdk1.8.0_31
PATH=C:\ProgramData\Oracle\Java\javapath;c:\Program Files (x86)\Intel\iCLS Client\;c:\Program Files\Intel\iCLS Client\;C:\WINDOWS\system32;C:\WINDOWS;C:\WINDOWS\System32\Wbem;C:\WINDOWS\System32\WindowsPowerShell\v1.0\;c:\Program Files (x86)\Hewlett-Packard\HP ProtectTools Security Manager\Bin\;C:\Program Files (x86)\Intel\OpenCL SDK\3.0\bin\x86;C:\Program Files (x86)\Intel\OpenCL SDK\3.0\bin\x64;C:\Program Files\Intel\WiFi\bin\;C:\Program Files\Common Files\Intel\WirelessCommon\;C:\Program Files\Intel\Intel(R) Management Engine Components\DAL;C:\Program Files\Intel\Intel(R) Management Engine Components\IPT;C:\Program Files (x86)\Intel\Intel(R) Management Engine Components\DAL;C:\Program Files (x86)\Intel\Intel(R) Management Engine Components\IPT;C:\Program Files (x86)\Microsoft ASP.NET\ASP.NET Web Pages\v1.0\;C:\Program Files\Microsoft SQL Server\110\Tools\Binn\;C:\Program Files (x86)\ATI Technologies\ATI.ACE\Core-Static;C:\Program Files (x86)\Microsoft SQL Server\110\Tools\Binn\;C:\Program Files\Microsoft SQL Server\110\DTS\Binn\;C:\Program Files (x86)\Microsoft SQL Server\110\Tools\Binn\ManagementStudio\;C:\Program Files (x86)\Microsoft SQL Server\110\DTS\Binn\;C:\Program Files (x86)\QuickTime\QTSystem\;C:\Program Files (x86)\Windows Kits\8.1\Windows Performance Toolkit\;C:\Program Files (x86)\Microsoft SDKs\TypeScript\1.0\;C:\Program Files\Microsoft SQL Server\120\Tools\Binn\;C:\Program Files\OpenVPN\bin;C:\Program Files (x86)\processing-2.2.1;C:\Program Files\Microsoft\Web Platform Installer\
USERNAME=Lucas
OS=Windows_NT
PROCESSOR_IDENTIFIER=Intel64 Family 6 Model 58 Stepping 9, GenuineIntel



---------------  S Y S T E M  ---------------

OS: Windows 8.1 , 64 bit Build 9600 

CPU:total 4 (2 cores per cpu, 2 threads per core) family 6 model 58 stepping 9, cmov, cx8, fxsr, mmx, sse, sse2, sse3, ssse3, sse4.1, sse4.2, popcnt, avx, aes, clmul, erms, ht, tsc, tscinvbit, tscinv

Memory: 4k page, physical 8318456k(891560k free), swap 11464184k(5072k free)

vm_info: Java HotSpot(TM) 64-Bit Server VM (25.31-b07) for windows-amd64 JRE (1.8.0_31-b13), built on Dec 17 2014 21:00:28 by "java_re" with MS VC++ 10.0 (VS2010)

time: Sat May 02 16:22:32 2015
elapsed time: 4 seconds (0d 0h 0m 4s)

