#
# There is insufficient memory for the Java Runtime Environment to continue.
# Native memory allocation (malloc) failed to allocate 32744 bytes for ChunkPool::allocate
# Possible reasons:
#   The system is out of physical RAM or swap space
#   In 32 bit mode, the process size limit was hit
# Possible solutions:
#   Reduce memory load on the system
#   Increase physical memory or swap space
#   Check if swap backing store is full
#   Use 64 bit Java on a 64 bit OS
#   Decrease Java heap size (-Xmx/-Xms)
#   Decrease number of Java threads
#   Decrease Java thread stack sizes (-Xss)
#   Set larger code cache with -XX:ReservedCodeCacheSize=
# This output file may be truncated or incomplete.
#
#  Out of Memory Error (allocation.cpp:273), pid=27028, tid=14764
#
# JRE version: Java(TM) SE Runtime Environment (8.0_31-b13) (build 1.8.0_31-b13)
# Java VM: Java HotSpot(TM) 64-Bit Server VM (25.31-b07 mixed mode windows-amd64 compressed oops)
# Failed to write core dump. Minidumps are not enabled by default on client versions of Windows
#

---------------  T H R E A D  ---------------

Current thread (0x000000001528d000):  JavaThread "C1 CompilerThread2" daemon [_thread_in_native, id=14764, stack(0x00000000169a0000,0x0000000016aa0000)]

Stack: [0x00000000169a0000,0x0000000016aa0000]
Native frames: (J=compiled Java code, j=interpreted, Vv=VM code, C=native code)
V  [jvm.dll+0x3169ba]


Current CompileTask:
C1:   4044  757   !   3       com.android.dx.cf.code.BytecodeArray::parseInstruction (2764 bytes)


---------------  P R O C E S S  ---------------

Java Threads: ( => current thread )
  0x0000000015292800 JavaThread "Service Thread" daemon [_thread_blocked, id=25676, stack(0x0000000016aa0000,0x0000000016ba0000)]
=>0x000000001528d000 JavaThread "C1 CompilerThread2" daemon [_thread_in_native, id=14764, stack(0x00000000169a0000,0x0000000016aa0000)]
  0x000000001528a000 JavaThread "C2 CompilerThread1" daemon [_thread_blocked, id=13324, stack(0x00000000168a0000,0x00000000169a0000)]
  0x000000001524a000 JavaThread "C2 CompilerThread0" daemon [_thread_blocked, id=23400, stack(0x00000000167a0000,0x00000000168a0000)]
  0x0000000015249000 JavaThread "Attach Listener" daemon [_thread_blocked, id=21816, stack(0x00000000166a0000,0x00000000167a0000)]
  0x0000000015247800 JavaThread "Signal Dispatcher" daemon [_thread_blocked, id=27280, stack(0x00000000165a0000,0x00000000166a0000)]
  0x0000000002b60000 JavaThread "Finalizer" daemon [_thread_blocked, id=21692, stack(0x00000000164a0000,0x00000000165a0000)]
  0x0000000002b5d000 JavaThread "Reference Handler" daemon [_thread_blocked, id=25708, stack(0x00000000163a0000,0x00000000164a0000)]
  0x0000000002a6e000 JavaThread "main" [_thread_in_Java, id=27564, stack(0x0000000002930000,0x0000000002a30000)]

Other Threads:
  0x0000000015205800 VMThread [stack: 0x00000000162a0000,0x00000000163a0000] [id=23988]
  0x0000000015295800 WatcherThread [stack: 0x0000000016ba0000,0x0000000016ca0000] [id=13800]

VM state:not at safepoint (normal execution)

VM Mutex/Monitor currently owned by a thread: None

Heap:
 PSYoungGen      total 38400K, used 12022K [0x00000000eab00000, 0x00000000ed580000, 0x0000000100000000)
  eden space 33280K, 36% used [0x00000000eab00000,0x00000000eb6bd888,0x00000000ecb80000)
  from space 5120K, 0% used [0x00000000ed080000,0x00000000ed080000,0x00000000ed580000)
  to   space 5120K, 0% used [0x00000000ecb80000,0x00000000ecb80000,0x00000000ed080000)
 ParOldGen       total 87552K, used 0K [0x00000000c0000000, 0x00000000c5580000, 0x00000000eab00000)
  object space 87552K, 0% used [0x00000000c0000000,0x00000000c0000000,0x00000000c5580000)
 Metaspace       used 5134K, capacity 6512K, committed 6784K, reserved 1056768K
  class space    used 536K, capacity 616K, committed 640K, reserved 1048576K

Card table byte_map: [0x0000000011f30000,0x0000000012140000] byte_map_base: 0x0000000011930000

Marking Bits: (ParMarkBitMap*) 0x0000000075a9d4f0
 Begin Bits: [0x00000000126a0000, 0x00000000136a0000)
 End Bits:   [0x00000000136a0000, 0x00000000146a0000)

Polling page: 0x0000000000fd0000

CodeCache: size=245760Kb used=2800Kb max_used=2812Kb free=242959Kb
 bounds [0x0000000002b70000, 0x0000000002e40000, 0x0000000011b70000]
 total_blobs=1017 nmethods=757 adapters=174
 compilation: enabled

Compilation events (10 events):
Event: 4.017 Thread 0x000000001528d000  750       3       com.android.dx.ssa.SsaMethod::returnSpareRegisters (6 bytes)
Event: 4.017 Thread 0x000000001528d000 nmethod 750 0x0000000002e27a10 code [0x0000000002e27b60, 0x0000000002e27cb0]
Event: 4.017 Thread 0x000000001528d000  753       3       com.android.dx.rop.type.Type::isUninitialized (13 bytes)
Event: 4.017 Thread 0x000000001528d000 nmethod 753 0x0000000002e27d50 code [0x0000000002e27ea0, 0x0000000002e28050]
Event: 4.018 Thread 0x000000001528d000  756       3       java.util.TreeMap::fixAfterInsertion (267 bytes)
Event: 4.021 Thread 0x000000001528d000 nmethod 756 0x0000000002e280d0 code [0x0000000002e28540, 0x0000000002e2ac58]
Event: 4.022 Thread 0x000000001528d000  757   !   3       com.android.dx.cf.code.BytecodeArray::parseInstruction (2764 bytes)
Event: 4.025 Thread 0x000000001528a000 nmethod 755 0x0000000002e2f210 code [0x0000000002e2f3a0, 0x0000000002e2fb58]
Event: 4.027 Thread 0x000000001524a000  760       4       com.android.dx.rop.code.RegisterSpec::getCategory (13 bytes)
Event: 4.028 Thread 0x000000001524a000 nmethod 760 0x0000000002e2c250 code [0x0000000002e2c3a0, 0x0000000002e2c478]

GC Heap History (0 events):
No events

Deoptimization events (0 events):
No events

Internal exceptions (2 events):
Event: 0.327 Thread 0x0000000002a6e000 Exception <a 'java/lang/NoSuchMethodError': Method sun.misc.Unsafe.defineClass(Ljava/lang/String;[BII)Ljava/lang/Class; name or signature does not match> (0x00000000eab0cef8) thrown at [C:\workspace\8-2-build-windows-amd64-cygwin\jdk8u31\2394\hotspot\src\s~„ZÆÌ‘?
Event: 0.327 Thread 0x0000000002a6e000 Exception <a 'java/lang/NoSuchMethodError': Method sun.misc.Unsafe.prefetchRead(Ljava/lang/Object;J)V name or signature does not match> (0x00000000eab0d188) thrown at [C:\workspace\8-2-build-windows-amd64-cygwin\jdk8u31\2394\hotspot\src\share\vm\prims\jni.

Events (10 events):
Event: 3.727 loading class com/android/dx/dex/file/FieldAnnotationStruct
Event: 3.727 loading class com/android/dx/dex/file/FieldAnnotationStruct done
Event: 3.883 loading class com/android/dx/ssa/back/FirstFitLocalCombiningAllocator$Multiset
Event: 3.883 loading class com/android/dx/ssa/back/FirstFitLocalCombiningAllocator$Multiset done
Event: 3.899 loading class com/android/dx/cf/code/Ropper$ExceptionHandlerSetup
Event: 3.899 loading class com/android/dx/cf/code/Ropper$ExceptionHandlerSetup done
Event: 3.900 loading class java/util/HashMap$Values
Event: 3.900 loading class java/util/HashMap$Values done
Event: 3.900 loading class java/util/HashMap$ValueIterator
Event: 3.900 loading class java/util/HashMap$ValueIterator done


Dynamic libraries:
0x00007ff704780000 - 0x00007ff7047b4000 	C:\PROGRA~1\Java\JDK18~1.0_3\bin\java.exe
0x00007ffb5e5c0000 - 0x00007ffb5e76c000 	C:\WINDOWS\SYSTEM32\ntdll.dll
0x00007ffb5d670000 - 0x00007ffb5d7ae000 	C:\WINDOWS\system32\KERNEL32.DLL
0x00007ffb5ba70000 - 0x00007ffb5bb85000 	C:\WINDOWS\system32\KERNELBASE.dll
0x00007ffb5a1b0000 - 0x00007ffb5a23e000 	C:\WINDOWS\system32\apphelp.dll
0x00007ffb4a8c0000 - 0x00007ffb4a913000 	C:\WINDOWS\AppPatch\AppPatch64\AcGenral.DLL
0x00007ffb5d930000 - 0x00007ffb5d9da000 	C:\WINDOWS\system32\msvcrt.dll
0x00007ffb5b540000 - 0x00007ffb5b56e000 	C:\WINDOWS\SYSTEM32\SspiCli.dll
0x00007ffb5e070000 - 0x00007ffb5e0c4000 	C:\WINDOWS\system32\SHLWAPI.dll
0x00007ffb5d7b0000 - 0x00007ffb5d927000 	C:\WINDOWS\system32\USER32.dll
0x00007ffb5e420000 - 0x00007ffb5e5b4000 	C:\WINDOWS\system32\ole32.dll
0x00007ffb5bc40000 - 0x00007ffb5d158000 	C:\WINDOWS\system32\SHELL32.dll
0x00007ffb5ad10000 - 0x00007ffb5ad31000 	C:\WINDOWS\SYSTEM32\USERENV.dll
0x00007ffb5dfb0000 - 0x00007ffb5e05a000 	C:\WINDOWS\system32\ADVAPI32.dll
0x00007ffb46950000 - 0x00007ffb4696e000 	C:\WINDOWS\SYSTEM32\MPR.dll
0x00007ffb5d380000 - 0x00007ffb5d4c1000 	C:\WINDOWS\system32\RPCRT4.dll
0x00007ffb5dc90000 - 0x00007ffb5dce9000 	C:\WINDOWS\SYSTEM32\sechost.dll
0x00007ffb5da70000 - 0x00007ffb5dc81000 	C:\WINDOWS\SYSTEM32\combase.dll
0x00007ffb5d160000 - 0x00007ffb5d2b1000 	C:\WINDOWS\system32\GDI32.dll
0x00007ffb5b710000 - 0x00007ffb5b725000 	C:\WINDOWS\SYSTEM32\profapi.dll
0x00007ffb59b60000 - 0x00007ffb59c12000 	C:\WINDOWS\SYSTEM32\SHCORE.dll
0x00007ffb5dcf0000 - 0x00007ffb5dd26000 	C:\WINDOWS\system32\IMM32.DLL
0x00007ffb5e0d0000 - 0x00007ffb5e222000 	C:\WINDOWS\system32\MSCTF.dll
0x00007ffb58f00000 - 0x00007ffb5917b000 	C:\WINDOWS\WinSxS\amd64_microsoft.windows.common-controls_6595b64144ccf1df_6.0.9600.17415_none_6240486fecbd8abb\COMCTL32.dll
0x0000000075040000 - 0x0000000075112000 	C:\PROGRA~1\Java\JDK18~1.0_3\jre\bin\msvcr100.dll
0x00000000752c0000 - 0x0000000075b1a000 	C:\PROGRA~1\Java\JDK18~1.0_3\jre\bin\server\jvm.dll
0x00007ffb525a0000 - 0x00007ffb525a9000 	C:\WINDOWS\SYSTEM32\WSOCK32.dll
0x00007ffb57160000 - 0x00007ffb57182000 	C:\WINDOWS\SYSTEM32\WINMM.dll
0x00007ffb5e060000 - 0x00007ffb5e067000 	C:\WINDOWS\system32\PSAPI.DLL
0x00007ffb5dd30000 - 0x00007ffb5dd8a000 	C:\WINDOWS\system32\WS2_32.dll
0x00007ffb57040000 - 0x00007ffb5706a000 	C:\WINDOWS\SYSTEM32\WINMMBASE.dll
0x00007ffb5ddf0000 - 0x00007ffb5ddf9000 	C:\WINDOWS\system32\NSI.dll
0x00007ffb5bbf0000 - 0x00007ffb5bc3f000 	C:\WINDOWS\SYSTEM32\cfgmgr32.dll
0x00007ffb5a420000 - 0x00007ffb5a448000 	C:\WINDOWS\SYSTEM32\DEVOBJ.dll
0x00000000763b0000 - 0x00000000763bf000 	C:\PROGRA~1\Java\JDK18~1.0_3\jre\bin\verify.dll
0x0000000076380000 - 0x00000000763a8000 	C:\PROGRA~1\Java\JDK18~1.0_3\jre\bin\java.dll
0x0000000076360000 - 0x0000000076376000 	C:\PROGRA~1\Java\JDK18~1.0_3\jre\bin\zip.dll

VM Arguments:
jvm_args: -Xmx1024M -Xss1m -Djava.ext.dirs=C:\Users\Lucas\AppData\Local\Android\sdk\build-tools\21.1.2\lib 
java_command: C:\Users\Lucas\AppData\Local\Android\sdk\build-tools\21.1.2\lib\dx.jar --dex --output C:\NMCT\Semester 4\MobileAppDevelopment\Labo\MapsGoogleAPI\app\build\intermediates\pre-dexed\debug\classes-5167b9325d56307ea950a96296f14ef7227a657b.jar C:\NMCT\Semester 4\MobileAppDevelopment\Labo\MapsGoogleAPI\app\build\intermediates\exploded-aar\com.android.support\support-v4\22.0.0\classes.jar
java_class_path (initial): C:\Users\Lucas\AppData\Local\Android\sdk\build-tools\21.1.2\lib\dx.jar
Launcher Type: SUN_STANDARD

Environment Variables:
JAVA_HOME=C:\Program Files\Java\jdk1.8.0_31
PATH=C:\ProgramData\Oracle\Java\javapath;c:\Program Files (x86)\Intel\iCLS Client\;c:\Program Files\Intel\iCLS Client\;C:\WINDOWS\system32;C:\WINDOWS;C:\WINDOWS\System32\Wbem;C:\WINDOWS\System32\WindowsPowerShell\v1.0\;c:\Program Files (x86)\Hewlett-Packard\HP ProtectTools Security Manager\Bin\;C:\Program Files (x86)\Intel\OpenCL SDK\3.0\bin\x86;C:\Program Files (x86)\Intel\OpenCL SDK\3.0\bin\x64;C:\Program Files\Intel\WiFi\bin\;C:\Program Files\Common Files\Intel\WirelessCommon\;C:\Program Files\Intel\Intel(R) Management Engine Components\DAL;C:\Program Files\Intel\Intel(R) Management Engine Components\IPT;C:\Program Files (x86)\Intel\Intel(R) Management Engine Components\DAL;C:\Program Files (x86)\Intel\Intel(R) Management Engine Components\IPT;C:\Program Files (x86)\Microsoft ASP.NET\ASP.NET Web Pages\v1.0\;C:\Program Files\Microsoft SQL Server\110\Tools\Binn\;C:\Program Files (x86)\ATI Technologies\ATI.ACE\Core-Static;C:\Program Files (x86)\Microsoft SQL Server\110\Tools\Binn\;C:\Program Files\Microsoft SQL Server\110\DTS\Binn\;C:\Program Files (x86)\Microsoft SQL Server\110\Tools\Binn\ManagementStudio\;C:\Program Files (x86)\Microsoft SQL Server\110\DTS\Binn\;C:\Program Files (x86)\QuickTime\QTSystem\;C:\Program Files (x86)\Windows Kits\8.1\Windows Performance Toolkit\;C:\Program Files (x86)\Microsoft SDKs\TypeScript\1.0\;C:\Program Files\Microsoft SQL Server\120\Tools\Binn\;C:\Program Files\OpenVPN\bin;C:\Program Files (x86)\processing-2.2.1;C:\Program Files\Microsoft\Web Platform Installer\
USERNAME=Lucas
OS=Windows_NT
PROCESSOR_IDENTIFIER=Intel64 Family 6 Model 58 Stepping 9, GenuineIntel



---------------  S Y S T E M  ---------------

OS: Windows 8.1 , 64 bit Build 9600 

CPU:total 4 (2 cores per cpu, 2 threads per core) family 6 model 58 stepping 9, cmov, cx8, fxsr, mmx, sse, sse2, sse3, ssse3, sse4.1, sse4.2, popcnt, avx, aes, clmul, erms, ht, tsc, tscinvbit, tscinv

Memory: 4k page, physical 8318456k(891876k free), swap 11464184k(5132k free)

vm_info: Java HotSpot(TM) 64-Bit Server VM (25.31-b07) for windows-amd64 JRE (1.8.0_31-b13), built on Dec 17 2014 21:00:28 by "java_re" with MS VC++ 10.0 (VS2010)

time: Sat May 02 16:22:32 2015
elapsed time: 4 seconds (0d 0h 0m 4s)

