#
# There is insufficient memory for the Java Runtime Environment to continue.
# Native memory allocation (malloc) failed to allocate 39264 bytes for Chunk::new
# Possible reasons:
#   The system is out of physical RAM or swap space
#   In 32 bit mode, the process size limit was hit
# Possible solutions:
#   Reduce memory load on the system
#   Increase physical memory or swap space
#   Check if swap backing store is full
#   Use 64 bit Java on a 64 bit OS
#   Decrease Java heap size (-Xmx/-Xms)
#   Decrease number of Java threads
#   Decrease Java thread stack sizes (-Xss)
#   Set larger code cache with -XX:ReservedCodeCacheSize=
# This output file may be truncated or incomplete.
#
#  Out of Memory Error (allocation.cpp:390), pid=24356, tid=25684
#
# JRE version: Java(TM) SE Runtime Environment (8.0_31-b13) (build 1.8.0_31-b13)
# Java VM: Java HotSpot(TM) 64-Bit Server VM (25.31-b07 mixed mode windows-amd64 compressed oops)
# Failed to write core dump. Minidumps are not enabled by default on client versions of Windows
#

---------------  T H R E A D  ---------------

Current thread (0x0000000014f4a000):  JavaThread "C2 CompilerThread1" daemon [_thread_in_native, id=25684, stack(0x00000000165a0000,0x00000000166a0000)]

Stack: [0x00000000165a0000,0x00000000166a0000]
Native frames: (J=compiled Java code, j=interpreted, Vv=VM code, C=native code)
V  [jvm.dll+0x3169ba]
V  [jvm.dll+0x2674c3]
V  [jvm.dll+0x268103]
V  [jvm.dll+0x25f8f5]
V  [jvm.dll+0xbf025]
V  [jvm.dll+0xbf4cc]
V  [jvm.dll+0xbf774]
V  [jvm.dll+0xdd185]
V  [jvm.dll+0x49668c]
V  [jvm.dll+0x4f25b9]
V  [jvm.dll+0x4f3769]
V  [jvm.dll+0x4a5c6c]
V  [jvm.dll+0x4a6315]
V  [jvm.dll+0x49f71c]
V  [jvm.dll+0x452daf]
V  [jvm.dll+0x454124]
V  [jvm.dll+0x437c62]
V  [jvm.dll+0x988e2]
V  [jvm.dll+0x990d3]
V  [jvm.dll+0x22c194]
V  [jvm.dll+0x28576a]
C  [msvcr100.dll+0x21d9f]
C  [msvcr100.dll+0x21e3b]
C  [KERNEL32.DLL+0x13d2]
C  [ntdll.dll+0x15444]


Current CompileTask:
C2:   4176 1421       4       com.android.dx.ssa.SsaRenamer$BlockRenamer::process (191 bytes)


---------------  P R O C E S S  ---------------

Java Threads: ( => current thread )
  0x00000000167a8800 JavaThread "Service Thread" daemon [_thread_blocked, id=24376, stack(0x0000000016ba0000,0x0000000016ca0000)]
  0x0000000014f5a800 JavaThread "C1 CompilerThread2" daemon [_thread_blocked, id=26752, stack(0x00000000166a0000,0x00000000167a0000)]
=>0x0000000014f4a000 JavaThread "C2 CompilerThread1" daemon [_thread_in_native, id=25684, stack(0x00000000165a0000,0x00000000166a0000)]
  0x0000000014f3a000 JavaThread "C2 CompilerThread0" daemon [_thread_in_native, id=26072, stack(0x00000000164a0000,0x00000000165a0000)]
  0x0000000014f48000 JavaThread "Attach Listener" daemon [_thread_blocked, id=26740, stack(0x00000000163a0000,0x00000000164a0000)]
  0x0000000014f46800 JavaThread "Signal Dispatcher" daemon [_thread_blocked, id=23904, stack(0x00000000162a0000,0x00000000163a0000)]
  0x00000000027b4000 JavaThread "Finalizer" daemon [_thread_blocked, id=27340, stack(0x00000000161a0000,0x00000000162a0000)]
  0x00000000027aa000 JavaThread "Reference Handler" daemon [_thread_blocked, id=27288, stack(0x00000000160a0000,0x00000000161a0000)]
  0x000000000286e000 JavaThread "main" [_thread_in_Java, id=24028, stack(0x0000000002510000,0x0000000002610000)]

Other Threads:
  0x0000000014f06000 VMThread [stack: 0x0000000015fa0000,0x00000000160a0000] [id=26308]
  0x0000000014f9a800 WatcherThread [stack: 0x0000000016ca0000,0x0000000016da0000] [id=8584]

VM state:not at safepoint (normal execution)

VM Mutex/Monitor currently owned by a thread: None

Heap:
 PSYoungGen      total 38400K, used 8722K [0x00000000eab00000, 0x00000000ef600000, 0x0000000100000000)
  eden space 33280K, 10% used [0x00000000eab00000,0x00000000eae89dc8,0x00000000ecb80000)
  from space 5120K, 99% used [0x00000000ecb80000,0x00000000ed07aab8,0x00000000ed080000)
  to   space 5120K, 0% used [0x00000000ef100000,0x00000000ef100000,0x00000000ef600000)
 ParOldGen       total 87552K, used 1744K [0x00000000c0000000, 0x00000000c5580000, 0x00000000eab00000)
  object space 87552K, 1% used [0x00000000c0000000,0x00000000c01b4098,0x00000000c5580000)
 Metaspace       used 5541K, capacity 6960K, committed 7040K, reserved 1056768K
  class space    used 539K, capacity 616K, committed 640K, reserved 1048576K

Card table byte_map: [0x0000000011c30000,0x0000000011e40000] byte_map_base: 0x0000000011630000

Marking Bits: (ParMarkBitMap*) 0x0000000074b9d4f0
 Begin Bits: [0x00000000123a0000, 0x00000000133a0000)
 End Bits:   [0x00000000133a0000, 0x00000000143a0000)

Polling page: 0x0000000000ba0000

CodeCache: size=245760Kb used=5789Kb max_used=5789Kb free=239970Kb
 bounds [0x0000000002870000, 0x0000000002e20000, 0x0000000011870000]
 total_blobs=1680 nmethods=1420 adapters=174
 compilation: enabled

Compilation events (10 events):
Event: 4.089 Thread 0x0000000014f4a000 1416       4       com.android.dx.rop.code.SourcePosition::<init> (50 bytes)
Event: 4.090 Thread 0x0000000014f4a000 nmethod 1416 0x0000000002e0d810 code [0x0000000002e0d940, 0x0000000002e0d9d8]
Event: 4.090 Thread 0x0000000014f4a000 1417       4       com.android.dx.cf.code.LineNumberList::pcToLine (73 bytes)
Event: 4.091 Thread 0x0000000014f4a000 nmethod 1417 0x0000000002e0bf90 code [0x0000000002e0c0e0, 0x0000000002e0c1a8]
Event: 4.092 Thread 0x0000000014f4a000 1418       4       com.android.dx.ssa.Dominators$DfsWalker::visitBlock (59 bytes)
Event: 4.101 Thread 0x0000000014f4a000 nmethod 1418 0x0000000002e16d50 code [0x0000000002e16ee0, 0x0000000002e17468]
Event: 4.102 Thread 0x0000000014f3a000 1419       4       com.android.dx.ssa.SsaRenamer$1::visitBlock (16 bytes)
Event: 4.113 Thread 0x0000000014f4a000 1420       4       com.android.dx.ssa.SsaRenamer$BlockRenamer::<init> (72 bytes)
Event: 4.118 Thread 0x0000000014f4a000 nmethod 1420 0x0000000002e16590 code [0x0000000002e16700, 0x0000000002e16a98]
Event: 4.118 Thread 0x0000000014f4a000 1421       4       com.android.dx.ssa.SsaRenamer$BlockRenamer::process (191 bytes)

GC Heap History (2 events):
Event: 3.663 GC heap before
{Heap before GC invocations=1 (full 0):
 PSYoungGen      total 38400K, used 33280K [0x00000000eab00000, 0x00000000ed580000, 0x0000000100000000)
  eden space 33280K, 100% used [0x00000000eab00000,0x00000000ecb80000,0x00000000ecb80000)
  from space 5120K, 0% used [0x00000000ed080000,0x00000000ed080000,0x00000000ed580000)
  to   space 5120K, 0% used [0x00000000ecb80000,0x00000000ecb80000,0x00000000ed080000)
 ParOldGen       total 87552K, used 0K [0x00000000c0000000, 0x00000000c5580000, 0x00000000eab00000)
  object space 87552K, 0% used [0x00000000c0000000,0x00000000c0000000,0x00000000c5580000)
 Metaspace       used 5502K, capacity 6960K, committed 7040K, reserved 1056768K
  class space    used 539K, capacity 616K, committed 640K, reserved 1048576K
Event: 3.708 GC heap after
Heap after GC invocations=1 (full 0):
 PSYoungGen      total 38400K, used 5098K [0x00000000eab00000, 0x00000000ef600000, 0x0000000100000000)
  eden space 33280K, 0% used [0x00000000eab00000,0x00000000eab00000,0x00000000ecb80000)
  from space 5120K, 99% used [0x00000000ecb80000,0x00000000ed07aab8,0x00000000ed080000)
  to   space 5120K, 0% used [0x00000000ef100000,0x00000000ef100000,0x00000000ef600000)
 ParOldGen       total 87552K, used 1744K [0x00000000c0000000, 0x00000000c5580000, 0x00000000eab00000)
  object space 87552K, 1% used [0x00000000c0000000,0x00000000c01b4098,0x00000000c5580000)
 Metaspace       used 5502K, capacity 6960K, committed 7040K, reserved 1056768K
  class space    used 539K, capacity 616K, committed 640K, reserved 1048576K
}

Deoptimization events (10 events):
Event: 1.229 Thread 0x000000000286e000 Uncommon trap: reason=null_assert action=make_not_entrant pc=0x0000000002aff0ec method=com.android.dx.rop.code.RegisterSpec$ForComparison.equals(Ljava/lang/Object;)Z @ 27
Event: 1.242 Thread 0x000000000286e000 Uncommon trap: reason=unreached action=reinterpret pc=0x0000000002bdda74 method=com.android.dx.rop.code.RegisterSpec.equals(ILcom/android/dx/rop/type/TypeBearer;Lcom/android/dx/rop/code/LocalItem;)Z @ 24
Event: 1.516 Thread 0x000000000286e000 Uncommon trap: reason=bimorphic action=maybe_recompile pc=0x0000000002c73590 method=java.util.HashMap.getNode(ILjava/lang/Object;)Ljava/util/HashMap$Node; @ 126
Event: 1.518 Thread 0x000000000286e000 Uncommon trap: reason=class_check action=maybe_recompile pc=0x0000000002b911e4 method=com.android.dx.ssa.NormalSsaInsn.accept(Lcom/android/dx/ssa/SsaInsn$Visitor;)V @ 9
Event: 3.138 Thread 0x000000000286e000 Uncommon trap: reason=class_check action=maybe_recompile pc=0x0000000002d880d8 method=com.android.dx.ssa.SCCP.simulateBranch(Lcom/android/dx/ssa/SsaInsn;)V @ 145
Event: 3.373 Thread 0x000000000286e000 Uncommon trap: reason=class_check action=maybe_recompile pc=0x0000000002c93000 method=java.util.HashMap.putVal(ILjava/lang/Object;Ljava/lang/Object;ZZ)Ljava/lang/Object; @ 203
Event: 3.398 Thread 0x000000000286e000 Uncommon trap: reason=class_check action=maybe_recompile pc=0x0000000002d55b58 method=com.android.dx.cf.code.BytecodeArray.parseInstruction(ILcom/android/dx/cf/code/BytecodeArray$Visitor;)I @ 2253
Event: 3.542 Thread 0x000000000286e000 Uncommon trap: reason=class_check action=maybe_recompile pc=0x0000000002d55b58 method=com.android.dx.cf.code.BytecodeArray.parseInstruction(ILcom/android/dx/cf/code/BytecodeArray$Visitor;)I @ 2253
Event: 3.543 Thread 0x000000000286e000 Uncommon trap: reason=class_check action=maybe_recompile pc=0x0000000002d553d0 method=com.android.dx.cf.code.BytecodeArray.parseInstruction(ILcom/android/dx/cf/code/BytecodeArray$Visitor;)I @ 2167
Event: 4.069 Thread 0x000000000286e000 Uncommon trap: reason=unreached action=reinterpret pc=0x0000000002de78cc method=com.android.dx.ssa.MoveParamCombiner$1.visitNonMoveInsn(Lcom/android/dx/ssa/NormalSsaInsn;)V @ 27

Internal exceptions (2 events):
Event: 0.087 Thread 0x000000000286e000 Exception <a 'java/lang/NoSuchMethodError': Method sun.misc.Unsafe.defineClass(Ljava/lang/String;[BII)Ljava/lang/Class; name or signature does not match> (0x00000000eab0cba8) thrown at [C:\workspace\8-2-build-windows-amd64-cygwin\jdk8u31\2394\hotspot\src\sîú Ò49¶?
Event: 0.087 Thread 0x000000000286e000 Exception <a 'java/lang/NoSuchMethodError': Method sun.misc.Unsafe.prefetchRead(Ljava/lang/Object;J)V name or signature does not match> (0x00000000eab0ce38) thrown at [C:\workspace\8-2-build-windows-amd64-cygwin\jdk8u31\2394\hotspot\src\share\vm\prims\jni.

Events (10 events):
Event: 3.542 Thread 0x000000000286e000 DEOPT PACKING pc=0x0000000002d55b58 sp=0x000000000260e590
Event: 3.543 Thread 0x000000000286e000 DEOPT UNPACKING pc=0x00000000028b556a sp=0x000000000260e528 mode 2
Event: 3.543 Thread 0x000000000286e000 Uncommon trap: trap_request=0xffffffde fr.pc=0x0000000002d553d0
Event: 3.543 Thread 0x000000000286e000 DEOPT PACKING pc=0x0000000002d553d0 sp=0x000000000260e590
Event: 3.543 Thread 0x000000000286e000 DEOPT UNPACKING pc=0x00000000028b556a sp=0x000000000260e528 mode 2
Event: 3.662 Executing VM operation: ParallelGCFailedAllocation
Event: 3.708 Executing VM operation: ParallelGCFailedAllocation done
Event: 4.069 Thread 0x000000000286e000 Uncommon trap: trap_request=0xffffffad fr.pc=0x0000000002de78cc
Event: 4.069 Thread 0x000000000286e000 DEOPT PACKING pc=0x0000000002de78cc sp=0x000000000260e750
Event: 4.069 Thread 0x000000000286e000 DEOPT UNPACKING pc=0x00000000028b556a sp=0x000000000260e6a8 mode 2


Dynamic libraries:
0x00007ff653e10000 - 0x00007ff653e44000 	C:\PROGRA~1\Java\JRE18~1.0_3\bin\java.exe
0x00007ffb5e5c0000 - 0x00007ffb5e76c000 	C:\WINDOWS\SYSTEM32\ntdll.dll
0x00007ffb5d670000 - 0x00007ffb5d7ae000 	C:\WINDOWS\system32\KERNEL32.DLL
0x00007ffb5ba70000 - 0x00007ffb5bb85000 	C:\WINDOWS\system32\KERNELBASE.dll
0x00007ffb5a1b0000 - 0x00007ffb5a23e000 	C:\WINDOWS\system32\apphelp.dll
0x00007ffb4a8c0000 - 0x00007ffb4a913000 	C:\WINDOWS\AppPatch\AppPatch64\AcGenral.DLL
0x00007ffb5d930000 - 0x00007ffb5d9da000 	C:\WINDOWS\system32\msvcrt.dll
0x00007ffb5b540000 - 0x00007ffb5b56e000 	C:\WINDOWS\SYSTEM32\SspiCli.dll
0x00007ffb5e070000 - 0x00007ffb5e0c4000 	C:\WINDOWS\system32\SHLWAPI.dll
0x00007ffb5d7b0000 - 0x00007ffb5d927000 	C:\WINDOWS\system32\USER32.dll
0x00007ffb5e420000 - 0x00007ffb5e5b4000 	C:\WINDOWS\system32\ole32.dll
0x00007ffb5bc40000 - 0x00007ffb5d158000 	C:\WINDOWS\system32\SHELL32.dll
0x00007ffb5ad10000 - 0x00007ffb5ad31000 	C:\WINDOWS\SYSTEM32\USERENV.dll
0x00007ffb5dfb0000 - 0x00007ffb5e05a000 	C:\WINDOWS\system32\ADVAPI32.dll
0x00007ffb46950000 - 0x00007ffb4696e000 	C:\WINDOWS\SYSTEM32\MPR.dll
0x00007ffb5d380000 - 0x00007ffb5d4c1000 	C:\WINDOWS\system32\RPCRT4.dll
0x00007ffb5dc90000 - 0x00007ffb5dce9000 	C:\WINDOWS\SYSTEM32\sechost.dll
0x00007ffb5da70000 - 0x00007ffb5dc81000 	C:\WINDOWS\SYSTEM32\combase.dll
0x00007ffb5d160000 - 0x00007ffb5d2b1000 	C:\WINDOWS\system32\GDI32.dll
0x00007ffb5b710000 - 0x00007ffb5b725000 	C:\WINDOWS\SYSTEM32\profapi.dll
0x00007ffb59b60000 - 0x00007ffb59c12000 	C:\WINDOWS\SYSTEM32\SHCORE.dll
0x00007ffb5dcf0000 - 0x00007ffb5dd26000 	C:\WINDOWS\system32\IMM32.DLL
0x00007ffb5e0d0000 - 0x00007ffb5e222000 	C:\WINDOWS\system32\MSCTF.dll
0x00007ffb58f00000 - 0x00007ffb5917b000 	C:\WINDOWS\WinSxS\amd64_microsoft.windows.common-controls_6595b64144ccf1df_6.0.9600.17415_none_6240486fecbd8abb\COMCTL32.dll
0x0000000074f00000 - 0x0000000074fd2000 	C:\PROGRA~1\Java\JRE18~1.0_3\bin\msvcr100.dll
0x00000000743c0000 - 0x0000000074c1a000 	C:\PROGRA~1\Java\JRE18~1.0_3\bin\server\jvm.dll
0x00007ffb525a0000 - 0x00007ffb525a9000 	C:\WINDOWS\SYSTEM32\WSOCK32.dll
0x00007ffb57160000 - 0x00007ffb57182000 	C:\WINDOWS\SYSTEM32\WINMM.dll
0x00007ffb5e060000 - 0x00007ffb5e067000 	C:\WINDOWS\system32\PSAPI.DLL
0x00007ffb5dd30000 - 0x00007ffb5dd8a000 	C:\WINDOWS\system32\WS2_32.dll
0x00007ffb57040000 - 0x00007ffb5706a000 	C:\WINDOWS\SYSTEM32\WINMMBASE.dll
0x00007ffb5ddf0000 - 0x00007ffb5ddf9000 	C:\WINDOWS\system32\NSI.dll
0x00007ffb5bbf0000 - 0x00007ffb5bc3f000 	C:\WINDOWS\SYSTEM32\cfgmgr32.dll
0x00007ffb5a420000 - 0x00007ffb5a448000 	C:\WINDOWS\SYSTEM32\DEVOBJ.dll
0x0000000075020000 - 0x000000007502f000 	C:\PROGRA~1\Java\JRE18~1.0_3\bin\verify.dll
0x0000000074ed0000 - 0x0000000074ef8000 	C:\PROGRA~1\Java\JRE18~1.0_3\bin\java.dll
0x0000000074eb0000 - 0x0000000074ec6000 	C:\PROGRA~1\Java\JRE18~1.0_3\bin\zip.dll
0x00007ffb51940000 - 0x00007ffb51aca000 	C:\WINDOWS\SYSTEM32\dbghelp.dll

VM Arguments:
jvm_args: -Xmx1024M -Xss1m -Djava.ext.dirs=C:\Users\Lucas\AppData\Local\Android\sdk\build-tools\21.1.2\lib 
java_command: C:\Users\Lucas\AppData\Local\Android\sdk\build-tools\21.1.2\lib\dx.jar --dex --output C:\NMCT\Semester 4\MobileAppDevelopment\Labo\MapsGoogleAPI\app\build\intermediates\pre-dexed\debug\classes-b3e9e0720df6c90e077c0fca6ecafe470d41f3c7.jar C:\NMCT\Semester 4\MobileAppDevelopment\Labo\MapsGoogleAPI\app\build\intermediates\exploded-aar\com.google.android.gms\play-services-ads\7.0.0\classes.jar
java_class_path (initial): C:\Users\Lucas\AppData\Local\Android\sdk\build-tools\21.1.2\lib\dx.jar
Launcher Type: SUN_STANDARD

Environment Variables:
JAVA_HOME=C:\Program Files\Java\jdk1.8.0_31
PATH=C:\ProgramData\Oracle\Java\javapath;c:\Program Files (x86)\Intel\iCLS Client\;c:\Program Files\Intel\iCLS Client\;C:\WINDOWS\system32;C:\WINDOWS;C:\WINDOWS\System32\Wbem;C:\WINDOWS\System32\WindowsPowerShell\v1.0\;c:\Program Files (x86)\Hewlett-Packard\HP ProtectTools Security Manager\Bin\;C:\Program Files (x86)\Intel\OpenCL SDK\3.0\bin\x86;C:\Program Files (x86)\Intel\OpenCL SDK\3.0\bin\x64;C:\Program Files\Intel\WiFi\bin\;C:\Program Files\Common Files\Intel\WirelessCommon\;C:\Program Files\Intel\Intel(R) Management Engine Components\DAL;C:\Program Files\Intel\Intel(R) Management Engine Components\IPT;C:\Program Files (x86)\Intel\Intel(R) Management Engine Components\DAL;C:\Program Files (x86)\Intel\Intel(R) Management Engine Components\IPT;C:\Program Files (x86)\Microsoft ASP.NET\ASP.NET Web Pages\v1.0\;C:\Program Files\Microsoft SQL Server\110\Tools\Binn\;C:\Program Files (x86)\ATI Technologies\ATI.ACE\Core-Static;C:\Program Files (x86)\Microsoft SQL Server\110\Tools\Binn\;C:\Program Files\Microsoft SQL Server\110\DTS\Binn\;C:\Program Files (x86)\Microsoft SQL Server\110\Tools\Binn\ManagementStudio\;C:\Program Files (x86)\Microsoft SQL Server\110\DTS\Binn\;C:\Program Files (x86)\QuickTime\QTSystem\;C:\Program Files (x86)\Windows Kits\8.1\Windows Performance Toolkit\;C:\Program Files (x86)\Microsoft SDKs\TypeScript\1.0\;C:\Program Files\Microsoft SQL Server\120\Tools\Binn\;C:\Program Files\OpenVPN\bin;C:\Program Files (x86)\processing-2.2.1;C:\Program Files\Microsoft\Web Platform Installer\
USERNAME=Lucas
OS=Windows_NT
PROCESSOR_IDENTIFIER=Intel64 Family 6 Model 58 Stepping 9, GenuineIntel



---------------  S Y S T E M  ---------------

OS: Windows 8.1 , 64 bit Build 9600 

CPU:total 4 (2 cores per cpu, 2 threads per core) family 6 model 58 stepping 9, cmov, cx8, fxsr, mmx, sse, sse2, sse3, ssse3, sse4.1, sse4.2, popcnt, avx, aes, clmul, erms, ht, tsc, tscinvbit, tscinv

Memory: 4k page, physical 8318456k(969676k free), swap 11464184k(5072k free)

vm_info: Java HotSpot(TM) 64-Bit Server VM (25.31-b07) for windows-amd64 JRE (1.8.0_31-b13), built on Dec 17 2014 21:00:28 by "java_re" with MS VC++ 10.0 (VS2010)

time: Sat May 02 16:17:04 2015
elapsed time: 4 seconds (0d 0h 0m 4s)

