#
# There is insufficient memory for the Java Runtime Environment to continue.
# Native memory allocation (malloc) failed to allocate 22536 bytes for AllocateHeap
# Possible reasons:
#   The system is out of physical RAM or swap space
#   In 32 bit mode, the process size limit was hit
# Possible solutions:
#   Reduce memory load on the system
#   Increase physical memory or swap space
#   Check if swap backing store is full
#   Use 64 bit Java on a 64 bit OS
#   Decrease Java heap size (-Xmx/-Xms)
#   Decrease number of Java threads
#   Decrease Java thread stack sizes (-Xss)
#   Set larger code cache with -XX:ReservedCodeCacheSize=
# This output file may be truncated or incomplete.
#
#  Out of Memory Error (memory/allocation.inline.hpp:62), pid=5036, tid=26716
#
# JRE version:  (8.0_31-b13) (build )
# Java VM: Java HotSpot(TM) 64-Bit Server VM (25.31-b07 mixed mode windows-amd64 compressed oops)
# Failed to write core dump. Minidumps are not enabled by default on client versions of Windows
#

---------------  T H R E A D  ---------------

Current thread (0x0000000002afa800):  JavaThread "Reference Handler" daemon [_thread_in_vm, id=26716, stack(0x0000000018810000,0x0000000018910000)]

Stack: [0x0000000018810000,0x0000000018910000]
Native frames: (J=compiled Java code, j=interpreted, Vv=VM code, C=native code)
V  [jvm.dll+0x3169ba]

Java frames: (J=compiled Java code, j=interpreted, Vv=VM code)
j  java.lang.Object.wait(J)V+0
j  java.lang.Object.wait()V+2
j  java.lang.ref.Reference$ReferenceHandler.run()V+36
v  ~StubRoutines::call_stub

---------------  P R O C E S S  ---------------

Java Threads: ( => current thread )
  0x0000000017668800 JavaThread "Finalizer" daemon [_thread_in_vm, id=26928, stack(0x0000000018910000,0x0000000018a10000)]
=>0x0000000002afa800 JavaThread "Reference Handler" daemon [_thread_in_vm, id=26716, stack(0x0000000018810000,0x0000000018910000)]
  0x0000000002a11000 JavaThread "main" [_thread_in_native, id=15900, stack(0x0000000002910000,0x0000000002a10000)]

Other Threads:
  0x0000000017665800 VMThread [stack: 0x0000000018710000,0x0000000018810000] [id=25584]

VM state:not at safepoint (normal execution)

VM Mutex/Monitor currently owned by a thread: None

Heap:
 PSYoungGen      total 38400K, used 1331K [0x00000000d5b00000, 0x00000000d8580000, 0x0000000100000000)
  eden space 33280K, 4% used [0x00000000d5b00000,0x00000000d5c4cd78,0x00000000d7b80000)
  from space 5120K, 0% used [0x00000000d8080000,0x00000000d8080000,0x00000000d8580000)
  to   space 5120K, 0% used [0x00000000d7b80000,0x00000000d7b80000,0x00000000d8080000)
 ParOldGen       total 87552K, used 0K [0x0000000081000000, 0x0000000086580000, 0x00000000d5b00000)
  object space 87552K, 0% used [0x0000000081000000,0x0000000081000000,0x0000000086580000)
 Metaspace       used 844K, capacity 4480K, committed 4480K, reserved 1056768K
  class space    used 91K, capacity 384K, committed 384K, reserved 1048576K

Card table byte_map: [0x0000000011ed0000,0x00000000122d0000] byte_map_base: 0x0000000011ac8000

Marking Bits: (ParMarkBitMap*) 0x0000000074b9d4f0
 Begin Bits: [0x0000000012980000, 0x0000000014940000)
 End Bits:   [0x0000000014940000, 0x0000000016900000)

Polling page: 0x0000000000e30000

CodeCache: size=245760Kb used=401Kb max_used=401Kb free=245358Kb
 bounds [0x0000000002b10000, 0x0000000002d80000, 0x0000000011b10000]
 total_blobs=98 nmethods=0 adapters=73
 compilation: enabled

Compilation events (0 events):
No events

GC Heap History (0 events):
No events

Deoptimization events (0 events):
No events

Internal exceptions (0 events):
No events

Events (10 events):
Event: 0.071 loading class java/lang/ref/ReferenceQueue$Lock done
Event: 0.071 loading class java/lang/ref/Finalizer$FinalizerThread
Event: 0.071 loading class java/lang/ref/Finalizer$FinalizerThread done
Event: 0.071 Thread 0x0000000017668800 Thread added: 0x0000000017668800
Event: 0.072 loading class java/util/Hashtable$Entry
Event: 0.072 loading class java/util/Map$Entry
Event: 0.072 loading class java/util/Map$Entry done
Event: 0.072 loading class java/util/Hashtable$Entry done
Event: 0.072 loading class java/lang/Math
Event: 0.072 loading class java/lang/Math done


Dynamic libraries:
0x00007ff62f0e0000 - 0x00007ff62f114000 	C:\Program Files\Java\jre1.8.0_31\bin\java.exe
0x00007ffb5e5c0000 - 0x00007ffb5e76c000 	C:\WINDOWS\SYSTEM32\ntdll.dll
0x00007ffb5d670000 - 0x00007ffb5d7ae000 	C:\WINDOWS\system32\KERNEL32.DLL
0x00007ffb5ba70000 - 0x00007ffb5bb85000 	C:\WINDOWS\system32\KERNELBASE.dll
0x00007ffb5a1b0000 - 0x00007ffb5a23e000 	C:\WINDOWS\system32\apphelp.dll
0x00007ffb4a8c0000 - 0x00007ffb4a913000 	C:\WINDOWS\AppPatch\AppPatch64\AcGenral.DLL
0x00007ffb5d930000 - 0x00007ffb5d9da000 	C:\WINDOWS\system32\msvcrt.dll
0x00007ffb5b540000 - 0x00007ffb5b56e000 	C:\WINDOWS\SYSTEM32\SspiCli.dll
0x00007ffb5e070000 - 0x00007ffb5e0c4000 	C:\WINDOWS\system32\SHLWAPI.dll
0x00007ffb5d7b0000 - 0x00007ffb5d927000 	C:\WINDOWS\system32\USER32.dll
0x00007ffb5e420000 - 0x00007ffb5e5b4000 	C:\WINDOWS\system32\ole32.dll
0x00007ffb5bc40000 - 0x00007ffb5d158000 	C:\WINDOWS\system32\SHELL32.dll
0x00007ffb5ad10000 - 0x00007ffb5ad31000 	C:\WINDOWS\SYSTEM32\USERENV.dll
0x00007ffb5dfb0000 - 0x00007ffb5e05a000 	C:\WINDOWS\system32\ADVAPI32.dll
0x00007ffb46950000 - 0x00007ffb4696e000 	C:\WINDOWS\SYSTEM32\MPR.dll
0x00007ffb5d380000 - 0x00007ffb5d4c1000 	C:\WINDOWS\system32\RPCRT4.dll
0x00007ffb5dc90000 - 0x00007ffb5dce9000 	C:\WINDOWS\SYSTEM32\sechost.dll
0x00007ffb5da70000 - 0x00007ffb5dc81000 	C:\WINDOWS\SYSTEM32\combase.dll
0x00007ffb5d160000 - 0x00007ffb5d2b1000 	C:\WINDOWS\system32\GDI32.dll
0x00007ffb5b710000 - 0x00007ffb5b725000 	C:\WINDOWS\SYSTEM32\profapi.dll
0x00007ffb59b60000 - 0x00007ffb59c12000 	C:\WINDOWS\SYSTEM32\SHCORE.dll
0x00007ffb5dcf0000 - 0x00007ffb5dd26000 	C:\WINDOWS\system32\IMM32.DLL
0x00007ffb5e0d0000 - 0x00007ffb5e222000 	C:\WINDOWS\system32\MSCTF.dll
0x00007ffb58f00000 - 0x00007ffb5917b000 	C:\WINDOWS\WinSxS\amd64_microsoft.windows.common-controls_6595b64144ccf1df_6.0.9600.17415_none_6240486fecbd8abb\COMCTL32.dll
0x0000000074f00000 - 0x0000000074fd2000 	C:\Program Files\Java\jre1.8.0_31\bin\msvcr100.dll
0x00000000743c0000 - 0x0000000074c1a000 	C:\Program Files\Java\jre1.8.0_31\bin\server\jvm.dll
0x00007ffb525a0000 - 0x00007ffb525a9000 	C:\WINDOWS\SYSTEM32\WSOCK32.dll
0x00007ffb57160000 - 0x00007ffb57182000 	C:\WINDOWS\SYSTEM32\WINMM.dll
0x00007ffb5e060000 - 0x00007ffb5e067000 	C:\WINDOWS\system32\PSAPI.DLL
0x00007ffb5dd30000 - 0x00007ffb5dd8a000 	C:\WINDOWS\system32\WS2_32.dll
0x00007ffb57040000 - 0x00007ffb5706a000 	C:\WINDOWS\SYSTEM32\WINMMBASE.dll
0x00007ffb5ddf0000 - 0x00007ffb5ddf9000 	C:\WINDOWS\system32\NSI.dll
0x00007ffb5bbf0000 - 0x00007ffb5bc3f000 	C:\WINDOWS\SYSTEM32\cfgmgr32.dll
0x00007ffb5a420000 - 0x00007ffb5a448000 	C:\WINDOWS\SYSTEM32\DEVOBJ.dll
0x0000000075020000 - 0x000000007502f000 	C:\Program Files\Java\jre1.8.0_31\bin\verify.dll
0x0000000074ed0000 - 0x0000000074ef8000 	C:\Program Files\Java\jre1.8.0_31\bin\java.dll
0x0000000074eb0000 - 0x0000000074ec6000 	C:\Program Files\Java\jre1.8.0_31\bin\zip.dll

VM Arguments:
java_command: <unknown>
java_class_path (initial): .
Launcher Type: SUN_STANDARD

Environment Variables:
JAVA_HOME=C:\Program Files\Java\jdk1.8.0_31
PATH=C:\ProgramData\Oracle\Java\javapath;c:\Program Files (x86)\Intel\iCLS Client\;c:\Program Files\Intel\iCLS Client\;C:\WINDOWS\system32;C:\WINDOWS;C:\WINDOWS\System32\Wbem;C:\WINDOWS\System32\WindowsPowerShell\v1.0\;c:\Program Files (x86)\Hewlett-Packard\HP ProtectTools Security Manager\Bin\;C:\Program Files (x86)\Intel\OpenCL SDK\3.0\bin\x86;C:\Program Files (x86)\Intel\OpenCL SDK\3.0\bin\x64;C:\Program Files\Intel\WiFi\bin\;C:\Program Files\Common Files\Intel\WirelessCommon\;C:\Program Files\Intel\Intel(R) Management Engine Components\DAL;C:\Program Files\Intel\Intel(R) Management Engine Components\IPT;C:\Program Files (x86)\Intel\Intel(R) Management Engine Components\DAL;C:\Program Files (x86)\Intel\Intel(R) Management Engine Components\IPT;C:\Program Files (x86)\Microsoft ASP.NET\ASP.NET Web Pages\v1.0\;C:\Program Files\Microsoft SQL Server\110\Tools\Binn\;C:\Program Files (x86)\ATI Technologies\ATI.ACE\Core-Static;C:\Program Files (x86)\Microsoft SQL Server\110\Tools\Binn\;C:\Program Files\Microsoft SQL Server\110\DTS\Binn\;C:\Program Files (x86)\Microsoft SQL Server\110\Tools\Binn\ManagementStudio\;C:\Program Files (x86)\Microsoft SQL Server\110\DTS\Binn\;C:\Program Files (x86)\QuickTime\QTSystem\;C:\Program Files (x86)\Windows Kits\8.1\Windows Performance Toolkit\;C:\Program Files (x86)\Microsoft SDKs\TypeScript\1.0\;C:\Program Files\Microsoft SQL Server\120\Tools\Binn\;C:\Program Files\OpenVPN\bin;C:\Program Files (x86)\processing-2.2.1;C:\Program Files\Microsoft\Web Platform Installer\
USERNAME=Lucas
OS=Windows_NT
PROCESSOR_IDENTIFIER=Intel64 Family 6 Model 58 Stepping 9, GenuineIntel



---------------  S Y S T E M  ---------------

OS: Windows 8.1 , 64 bit Build 9600 

CPU:total 4 (2 cores per cpu, 2 threads per core) family 6 model 58 stepping 9, cmov, cx8, fxsr, mmx, sse, sse2, sse3, ssse3, sse4.1, sse4.2, popcnt, avx, aes, clmul, erms, ht, tsc, tscinvbit, tscinv

Memory: 4k page, physical 8318456k(1198856k free), swap 11464184k(5060k free)

vm_info: Java HotSpot(TM) 64-Bit Server VM (25.31-b07) for windows-amd64 JRE (1.8.0_31-b13), built on Dec 17 2014 21:00:28 by "java_re" with MS VC++ 10.0 (VS2010)

time: Sat May 02 16:16:35 2015
elapsed time: 0 seconds (0d 0h 0m 0s)

